Start testing: Sep 09 08:03 CEST
----------------------------------------------------------
1/1 Testing: giao_cpp_tests
1/1 Test: giao_cpp_tests
Command: "/Users/simenkva/Code/GIAO-integrals/build-m4/giao_cpp_tests"
Directory: /Users/simenkva/Code/GIAO-integrals/build-m4
"giao_cpp_tests" start time: Sep 09 08:03 CEST
Output:
----------------------------------------------------------
all C++ integral checks passed
<end of output>
Test time =   0.47 sec
----------------------------------------------------------
Test Passed.
"giao_cpp_tests" end time: Sep 09 08:03 CEST
"giao_cpp_tests" time elapsed: 00:00:00
----------------------------------------------------------

End testing: Sep 09 08:03 CEST
